Pig Stack Trace
---------------
ERROR 1066: Unable to open iterator for alias grouped_data. Backend error : java.lang.IllegalStateException: Job in state DEFINE instead of RUNNING

org.apache.pig.impl.logicalLayer.FrontendException: ERROR 1066: Unable to open iterator for alias grouped_data. Backend error : java.lang.IllegalStateException: Job in state DEFINE instead of RUNNING
	at org.apache.pig.PigServer.openIterator(PigServer.java:1010)
	at org.apache.pig.tools.grunt.GruntParser.processDump(GruntParser.java:782)
	at org.apache.pig.tools.pigscript.parser.PigScriptParser.parse(PigScriptParser.java:383)
	at org.apache.pig.tools.grunt.GruntParser.parseStopOnError(GruntParser.java:230)
	at org.apache.pig.tools.grunt.GruntParser.parseStopOnError(GruntParser.java:205)
	at org.apache.pig.tools.grunt.Grunt.exec(Grunt.java:81)
	at org.apache.pig.Main.run(Main.java:630)
	at org.apache.pig.Main.main(Main.java:175)
	at sun.reflect.NativeMethodAccessorImpl.invoke0(Native Method)
	at sun.reflect.NativeMethodAccessorImpl.invoke(NativeMethodAccessorImpl.java:62)
	at sun.reflect.DelegatingMethodAccessorImpl.invoke(DelegatingMethodAccessorImpl.java:43)
	at java.lang.reflect.Method.invoke(Method.java:498)
	at org.apache.hadoop.util.RunJar.run(RunJar.java:328)
	at org.apache.hadoop.util.RunJar.main(RunJar.java:241)
Caused by: org.apache.pig.backend.executionengine.ExecException: ERROR 0: java.lang.IllegalStateException: Job in state DEFINE instead of RUNNING
	at org.apache.pig.backend.hadoop.executionengine.mapReduceLayer.MapReduceLauncher.getStats(MapReduceLauncher.java:844)
	at org.apache.pig.backend.hadoop.executionengine.mapReduceLayer.MapReduceLauncher.launchPig(MapReduceLauncher.java:473)
	at org.apache.pig.backend.hadoop.executionengine.HExecutionEngine.launchPig(HExecutionEngine.java:290)
	at org.apache.pig.PigServer.launchPlan(PigServer.java:1475)
	at org.apache.pig.PigServer.executeCompiledLogicalPlan(PigServer.java:1460)
	at org.apache.pig.PigServer.storeEx(PigServer.java:1119)
	at org.apache.pig.PigServer.store(PigServer.java:1082)
	at org.apache.pig.PigServer.openIterator(PigServer.java:995)
	... 13 more
Caused by: java.lang.IllegalStateException: Job in state DEFINE instead of RUNNING
	at org.apache.hadoop.mapreduce.Job.ensureState(Job.java:302)
	at org.apache.hadoop.mapreduce.Job.getTaskReports(Job.java:544)
	at org.apache.pig.tools.pigstats.mapreduce.MRJobStats.getTaskReports(MRJobStats.java:532)
	at org.apache.pig.backend.hadoop.executionengine.mapReduceLayer.MapReduceLauncher.getStats(MapReduceLauncher.java:823)
	... 20 more
================================================================================
